<?xml version="1.0" encoding="UTF-8"?>
<testng-results ignored="0" total="4" passed="4" failed="0" skipped="0">
  <reporter-output>
  </reporter-output>
  <suite started-at="2024-09-03T20:42:41 IST" name="Suite" finished-at="2024-09-03T20:42:45 IST" duration-ms="4574">
    <groups>
    </groups>
    <test started-at="2024-09-03T20:42:41 IST" name="Test1" finished-at="2024-09-03T20:42:44 IST" duration-ms="3127">
      <class name="ApiChaining.CreateUser">
        <test-method signature="CreateUser(org.testng.ITestContext)[pri:0, instance:ApiChaining.CreateUser@74751b3]" started-at="2024-09-03T20:42:41 IST" name="CreateUser" finished-at="2024-09-03T20:42:44 IST" duration-ms="3092" status="PASS">
          <params>
            <param index="0">
              <value>
                <![CDATA[org.testng.TestRunner@6c4906d3]]>
              </value>
            </param>
          </params>
          <reporter-output>
          </reporter-output>
        </test-method> <!-- CreateUser -->
      </class> <!-- ApiChaining.CreateUser -->
    </test> <!-- Test1 -->
    <test started-at="2024-09-03T20:42:44 IST" name="Test2" finished-at="2024-09-03T20:42:45 IST" duration-ms="491">
      <class name="ApiChaining.updateUser">
        <test-method signature="updateUser1(org.testng.ITestContext)[pri:0, instance:ApiChaining.updateUser@576d5deb]" started-at="2024-09-03T20:42:44 IST" name="updateUser1" finished-at="2024-09-03T20:42:45 IST" duration-ms="489" status="PASS">
          <params>
            <param index="0">
              <value>
                <![CDATA[org.testng.TestRunner@34070bd2]]>
              </value>
            </param>
          </params>
          <reporter-output>
          </reporter-output>
        </test-method> <!-- updateUser1 -->
      </class> <!-- ApiChaining.updateUser -->
    </test> <!-- Test2 -->
    <test started-at="2024-09-03T20:42:45 IST" name="Test3" finished-at="2024-09-03T20:42:45 IST" duration-ms="388">
      <class name="ApiChaining.getUser">
        <test-method signature="getUser1(org.testng.ITestContext)[pri:0, instance:ApiChaining.getUser@6fdbe764]" started-at="2024-09-03T20:42:45 IST" name="getUser1" finished-at="2024-09-03T20:42:45 IST" duration-ms="383" status="PASS">
          <params>
            <param index="0">
              <value>
                <![CDATA[org.testng.TestRunner@45a4587d]]>
              </value>
            </param>
          </params>
          <reporter-output>
          </reporter-output>
        </test-method> <!-- getUser1 -->
      </class> <!-- ApiChaining.getUser -->
    </test> <!-- Test3 -->
    <test started-at="2024-09-03T20:42:45 IST" name="Test4" finished-at="2024-09-03T20:42:45 IST" duration-ms="489">
      <class name="ApiChaining.deleteUser">
        <test-method signature="deleteUser1(org.testng.ITestContext)[pri:0, instance:ApiChaining.deleteUser@4a883b15]" started-at="2024-09-03T20:42:45 IST" name="deleteUser1" finished-at="2024-09-03T20:42:45 IST" duration-ms="486" status="PASS">
          <params>
            <param index="0">
              <value>
                <![CDATA[org.testng.TestRunner@69c263f8]]>
              </value>
            </param>
          </params>
          <reporter-output>
          </reporter-output>
        </test-method> <!-- deleteUser1 -->
      </class> <!-- ApiChaining.deleteUser -->
    </test> <!-- Test4 -->
  </suite> <!-- Suite -->
</testng-results>
